[debug] [2017-09-08T01:10:44.149Z] ----------------------------------------------------------------------
[debug] [2017-09-08T01:10:44.151Z] Command:       /usr/local/Cellar/node/7.7.4/bin/node /usr/local/bin/firebase deploy --only functions
[debug] [2017-09-08T01:10:44.152Z] CLI Version:   3.10.0
[debug] [2017-09-08T01:10:44.152Z] Platform:      darwin
[debug] [2017-09-08T01:10:44.152Z] Node Version:  v7.7.4
[debug] [2017-09-08T01:10:44.153Z] Time:          Fri Sep 08 2017 06:55:44 GMT+0545 (+0545)
[debug] [2017-09-08T01:10:44.153Z] ----------------------------------------------------------------------
[debug] 
[debug] [2017-09-08T01:10:44.167Z] > command requires scopes: ["email","openid","https://www.googleapis.com/auth/cloudplatformprojects.readonly","https://www.googleapis.com/auth/firebase","https://www.googleapis.com/auth/cloud-platform"]
[debug] [2017-09-08T01:10:44.168Z] > authorizing via signed-in user
[debug] [2017-09-08T01:10:44.170Z] >>> HTTP REQUEST GET https://admin.firebase.com/v1/projects/socialyze-72c6a  
 Fri Sep 08 2017 06:55:44 GMT+0545 (+0545)
[debug] [2017-09-08T01:10:45.492Z] <<< HTTP RESPONSE 200
[debug] [2017-09-08T01:10:45.495Z] >>> HTTP REQUEST GET https://admin.firebase.com/v1/database/socialyze-72c6a/tokens  
 Fri Sep 08 2017 06:55:45 GMT+0545 (+0545)
[debug] [2017-09-08T01:10:46.669Z] <<< HTTP RESPONSE 200
[info] 
[info] === Deploying to 'socialyze-72c6a'...
[info] 
[info] i  deploying functions
[debug] [2017-09-08T01:10:51.121Z] > [functions] package.json contents: {
  "name": "functions",
  "description": "Cloud Functions for Firebase",
  "dependencies": {
    "google-cloud": "0.56.0",
    "@google-cloud/storage": "^1.2.1",
    "firebase-admin": "~4.2.1",
    "firebase-functions": "^0.5.7",
    "request": "^2.81.0"
  },
  "private": true
}
[info] i  functions: ensuring necessary APIs are enabled...
[info] i  runtimeconfig: ensuring necessary APIs are enabled...
[debug] [2017-09-08T01:10:51.123Z] >>> HTTP REQUEST GET https://servicemanagement.googleapis.com/v1/services/cloudfunctions.googleapis.com/projectSettings/socialyze-72c6a?view=CONSUMER_VIEW  
 Fri Sep 08 2017 06:55:51 GMT+0545 (+0545)
[debug] [2017-09-08T01:10:51.123Z] >>> HTTP REQUEST GET https://servicemanagement.googleapis.com/v1/services/runtimeconfig.googleapis.com/projectSettings/socialyze-72c6a?view=CONSUMER_VIEW  
 Fri Sep 08 2017 06:55:51 GMT+0545 (+0545)
[debug] [2017-09-08T01:10:54.209Z] <<< HTTP RESPONSE 200
[info] ✔  runtimeconfig: all necessary APIs are enabled
[debug] [2017-09-08T01:10:54.360Z] <<< HTTP RESPONSE 200
[info] ✔  functions: all necessary APIs are enabled
[debug] [2017-09-08T01:10:54.362Z] >>> HTTP REQUEST GET https://appengine.googleapis.com/v1/apps/socialyze-72c6a  
 Fri Sep 08 2017 06:55:54 GMT+0545 (+0545)
[debug] [2017-09-08T01:10:54.362Z] >>> HTTP REQUEST GET https://apikeys.googleapis.com/v1/projects/socialyze-72c6a/apiKeys  
 Fri Sep 08 2017 06:55:54 GMT+0545 (+0545)
[debug] [2017-09-08T01:10:57.247Z] <<< HTTP RESPONSE 200
[debug] [2017-09-08T01:10:57.316Z] <<< HTTP RESPONSE 200
